<?xml version="1.0" encoding="UTF-8"?>
<testng-results skipped="0" failed="1" ignored="0" total="2" passed="1">
  <reporter-output>
  </reporter-output>
  <suite name="Default suite" duration-ms="108479" started-at="2019-03-13T13:52:41Z" finished-at="2019-03-13T13:54:30Z">
    <groups>
    </groups>
    <test name="Default test" duration-ms="108479" started-at="2019-03-13T13:52:41Z" finished-at="2019-03-13T13:54:30Z">
      <class name="Assertions.Hard_Assert">
        <test-method status="PASS" signature="openBrowser()[pri:0, instance:Assertions.Hard_Assert@536aaa8d]" name="openBrowser" is-config="true" duration-ms="3293" started-at="2019-03-13T13:52:38Z" finished-at="2019-03-13T13:52:41Z">
          <reporter-output>
          </reporter-output>
        </test-method> <!-- openBrowser -->
        <test-method status="PASS" signature="enterApplicationURL()[pri:0, instance:Assertions.Hard_Assert@536aaa8d]" name="enterApplicationURL" is-config="true" duration-ms="2617" started-at="2019-03-13T13:52:41Z" finished-at="2019-03-13T13:52:44Z">
          <reporter-output>
          </reporter-output>
        </test-method> <!-- enterApplicationURL -->
        <test-method status="PASS" signature="Maximize_Window()[pri:0, instance:Assertions.Hard_Assert@536aaa8d]" name="Maximize_Window" is-config="true" duration-ms="1157" started-at="2019-03-13T13:52:44Z" finished-at="2019-03-13T13:52:45Z">
          <reporter-output>
          </reporter-output>
        </test-method> <!-- Maximize_Window -->
        <test-method status="PASS" signature="getCookie()[pri:0, instance:Assertions.Hard_Assert@536aaa8d]" name="getCookie" is-config="true" duration-ms="16" started-at="2019-03-13T13:52:45Z" finished-at="2019-03-13T13:52:45Z">
          <reporter-output>
          </reporter-output>
        </test-method> <!-- getCookie -->
        <test-method status="PASS" signature="LoginWithValidDetails()[pri:1, instance:Assertions.Hard_Assert@536aaa8d]" name="LoginWithValidDetails" duration-ms="104639" started-at="2019-03-13T13:52:45Z" description="login with valid details" finished-at="2019-03-13T13:54:30Z">
          <reporter-output>
          </reporter-output>
        </test-method> <!-- LoginWithValidDetails -->
        <test-method status="PASS" signature="afterMethod()[pri:0, instance:Assertions.Hard_Assert@536aaa8d]" name="afterMethod" is-config="true" duration-ms="0" started-at="2019-03-13T13:54:30Z" finished-at="2019-03-13T13:54:30Z">
          <reporter-output>
          </reporter-output>
        </test-method> <!-- afterMethod -->
        <test-method status="PASS" signature="getCookie()[pri:0, instance:Assertions.Hard_Assert@536aaa8d]" name="getCookie" is-config="true" duration-ms="15" started-at="2019-03-13T13:54:30Z" finished-at="2019-03-13T13:54:30Z">
          <reporter-output>
          </reporter-output>
        </test-method> <!-- getCookie -->
        <test-method status="FAIL" signature="LoginWithInValidDetails()[pri:2, instance:Assertions.Hard_Assert@536aaa8d]" name="LoginWithInValidDetails" duration-ms="9" started-at="2019-03-13T13:54:30Z" description="login with invalid details" finished-at="2019-03-13T13:54:30Z">
          <exception class="java.lang.AssertionError">
            <message>
              <![CDATA[wrong message expected [Welcome] but found [Find a Flight: Mercury Tours:]]]>
            </message>
            <full-stacktrace>
              <![CDATA[java.lang.AssertionError: wrong message expected [Welcome] but found [Find a Flight: Mercury Tours:]
at org.testng.Assert.fail(Assert.java:96)
at org.testng.Assert.failNotEquals(Assert.java:776)
at org.testng.Assert.assertEqualsImpl(Assert.java:137)
at org.testng.Assert.assertEquals(Assert.java:118)
at org.testng.Assert.assertEquals(Assert.java:453)
at Assertions.Hard_Assert.LoginWithInValidDetails(Hard_Assert.java:49)
at sun.reflect.NativeMethodAccessorImpl.invoke0(Native Method)
at sun.reflect.NativeMethodAccessorImpl.invoke(Unknown Source)
at sun.reflect.DelegatingMethodAccessorImpl.invoke(Unknown Source)
at java.lang.reflect.Method.invoke(Unknown Source)
at org.testng.internal.MethodInvocationHelper.invokeMethod(MethodInvocationHelper.java:124)
at org.testng.internal.Invoker.invokeMethod(Invoker.java:580)
at org.testng.internal.Invoker.invokeTestMethod(Invoker.java:716)
at org.testng.internal.Invoker.invokeTestMethods(Invoker.java:988)
at org.testng.internal.TestMethodWorker.invokeTestMethods(TestMethodWorker.java:125)
at org.testng.internal.TestMethodWorker.run(TestMethodWorker.java:109)
at org.testng.TestRunner.privateRun(TestRunner.java:648)
at org.testng.TestRunner.run(TestRunner.java:505)
at org.testng.SuiteRunner.runTest(SuiteRunner.java:455)
at org.testng.SuiteRunner.runSequentially(SuiteRunner.java:450)
at org.testng.SuiteRunner.privateRun(SuiteRunner.java:415)
at org.testng.SuiteRunner.run(SuiteRunner.java:364)
at org.testng.SuiteRunnerWorker.runSuite(SuiteRunnerWorker.java:52)
at org.testng.SuiteRunnerWorker.run(SuiteRunnerWorker.java:84)
at org.testng.TestNG.runSuitesSequentially(TestNG.java:1208)
at org.testng.TestNG.runSuitesLocally(TestNG.java:1137)
at org.testng.TestNG.runSuites(TestNG.java:1049)
at org.testng.TestNG.run(TestNG.java:1017)
at org.testng.remote.AbstractRemoteTestNG.run(AbstractRemoteTestNG.java:114)
at org.testng.remote.RemoteTestNG.initAndRun(RemoteTestNG.java:251)
at org.testng.remote.RemoteTestNG.main(RemoteTestNG.java:77)
]]>
            </full-stacktrace>
          </exception> <!-- java.lang.AssertionError -->
          <reporter-output>
          </reporter-output>
        </test-method> <!-- LoginWithInValidDetails -->
        <test-method status="PASS" signature="afterMethod()[pri:0, instance:Assertions.Hard_Assert@536aaa8d]" name="afterMethod" is-config="true" duration-ms="1" started-at="2019-03-13T13:54:30Z" finished-at="2019-03-13T13:54:30Z">
          <reporter-output>
          </reporter-output>
        </test-method> <!-- afterMethod -->
        <test-method status="PASS" signature="deleteAllCookies()[pri:0, instance:Assertions.Hard_Assert@536aaa8d]" name="deleteAllCookies" is-config="true" duration-ms="0" started-at="2019-03-13T13:54:30Z" finished-at="2019-03-13T13:54:30Z">
          <reporter-output>
          </reporter-output>
        </test-method> <!-- deleteAllCookies -->
        <test-method status="PASS" signature="dbConnectionClose()[pri:0, instance:Assertions.Hard_Assert@536aaa8d]" name="dbConnectionClose" is-config="true" duration-ms="1" started-at="2019-03-13T13:54:30Z" finished-at="2019-03-13T13:54:30Z">
          <reporter-output>
          </reporter-output>
        </test-method> <!-- dbConnectionClose -->
        <test-method status="PASS" signature="close()[pri:0, instance:Assertions.Hard_Assert@536aaa8d]" name="close" is-config="true" duration-ms="0" started-at="2019-03-13T13:54:30Z" finished-at="2019-03-13T13:54:30Z">
          <reporter-output>
          </reporter-output>
        </test-method> <!-- close -->
      </class> <!-- Assertions.Hard_Assert -->
    </test> <!-- Default test -->
  </suite> <!-- Default suite -->
</testng-results>
